<?xml version="1.0" encoding="UTF-8"?>
<testng-results skipped="0" failed="1" ignored="0" total="2" passed="1">
  <reporter-output>
  </reporter-output>
  <suite name="Default suite" duration-ms="196870" started-at="2018-08-22T03:34:19Z" finished-at="2018-08-22T03:37:36Z">
    <groups>
    </groups>
    <test name="Default test" duration-ms="196870" started-at="2018-08-22T03:34:19Z" finished-at="2018-08-22T03:37:36Z">
      <class name="net.wangxinli.testng.NewTest">
        <test-method status="PASS" signature="init()[pri:0, instance:net.wangxinli.testng.NewTest@7921b0a2]" name="init" is-config="true" duration-ms="75242" started-at="2018-08-22T11:34:19Z" finished-at="2018-08-22T11:35:34Z">
          <reporter-output>
          </reporter-output>
        </test-method> <!-- init -->
        <test-method status="PASS" signature="login()[pri:0, instance:net.wangxinli.testng.NewTest@7921b0a2]" name="login" is-config="true" duration-ms="26007" started-at="2018-08-22T11:35:34Z" finished-at="2018-08-22T11:36:00Z">
          <reporter-output>
          </reporter-output>
        </test-method> <!-- login -->
        <test-method status="FAIL" signature="test001_storeInfo()[pri:0, instance:net.wangxinli.testng.NewTest@7921b0a2]" name="test001_storeInfo" duration-ms="33032" started-at="2018-08-22T11:36:00Z" finished-at="2018-08-22T11:36:33Z">
          <exception class="java.lang.AssertionError">
            <message>
              <![CDATA[storeInfofailure----->An element could not be located on the page using the given search parameters. (WARNING: The server did not provide any stacktrace information)
Command duration or timeout: 0 milliseconds
For documentation on this error, please visit: http://seleniumhq.org/exceptions/no_such_element.html
Build info: version: '3.6.0', revision: '6fbf3ec767', time: '2017-09-27T16:15:40.131Z'
System info: host: 'WANGXINLI-PC', ip: '192.168.18.16', os.name: 'Windows 7', os.arch: 'amd64', os.version: '6.1', java.version: '1.8.0_162'
Driver info: io.appium.java_client.android.AndroidDriver
Capabilities [{appPackage=mengniu.net.winchannel.winsfa, noReset=true, deviceName=127.0.0.1:62001, platform=LINUX, deviceUDID=127.0.0.1:62001, desired={appPackage=mengniu.net.winchannel.winsfa, appActivity=mengniu.net.winchannel.winsfa.ui.login.LoginActivity, noReset=true, noSign=true, newCommandTimeout=1800, automationName=Appium, autoGrantPermissions=true, unicodeKeyboard=true, platformName=Android, udid=127.0.0.1:62001, deviceName=安卓设备, resetKeyboard=true}, newCommandTimeout=1800, platformVersion=4.4.2, webStorageEnabled=false, automationName=Appium, takesScreenshot=true, javascriptEnabled=true, unicodeKeyboard=true, udid=127.0.0.1:62001, deviceManufacturer=samsung, platformName=LINUX, resetKeyboard=true, deviceScreenSize=720x1280, networkConnectionEnabled=true, noSign=true, warnings={}, databaseEnabled=false, appActivity=mengniu.net.winchannel.winsfa.ui.login.LoginActivity, locationContextEnabled=false, autoGrantPermissions=true, deviceModel=SM-G955F}]
Session ID: 4e4db4b0-77b8-4519-a4e3-8354b9bfc391
*** Element info: {Using=xpath, value=//*[@text='省：*']/following-sibling::*/*/*/*[3]}]]>
            </message>
            <full-stacktrace>
              <![CDATA[java.lang.AssertionError: storeInfofailure----->An element could not be located on the page using the given search parameters. (WARNING: The server did not provide any stacktrace information)
Command duration or timeout: 0 milliseconds
For documentation on this error, please visit: http://seleniumhq.org/exceptions/no_such_element.html
Build info: version: '3.6.0', revision: '6fbf3ec767', time: '2017-09-27T16:15:40.131Z'
System info: host: 'WANGXINLI-PC', ip: '192.168.18.16', os.name: 'Windows 7', os.arch: 'amd64', os.version: '6.1', java.version: '1.8.0_162'
Driver info: io.appium.java_client.android.AndroidDriver
Capabilities [{appPackage=mengniu.net.winchannel.winsfa, noReset=true, deviceName=127.0.0.1:62001, platform=LINUX, deviceUDID=127.0.0.1:62001, desired={appPackage=mengniu.net.winchannel.winsfa, appActivity=mengniu.net.winchannel.winsfa.ui.login.LoginActivity, noReset=true, noSign=true, newCommandTimeout=1800, automationName=Appium, autoGrantPermissions=true, unicodeKeyboard=true, platformName=Android, udid=127.0.0.1:62001, deviceName=安卓设备, resetKeyboard=true}, newCommandTimeout=1800, platformVersion=4.4.2, webStorageEnabled=false, automationName=Appium, takesScreenshot=true, javascriptEnabled=true, unicodeKeyboard=true, udid=127.0.0.1:62001, deviceManufacturer=samsung, platformName=LINUX, resetKeyboard=true, deviceScreenSize=720x1280, networkConnectionEnabled=true, noSign=true, warnings={}, databaseEnabled=false, appActivity=mengniu.net.winchannel.winsfa.ui.login.LoginActivity, locationContextEnabled=false, autoGrantPermissions=true, deviceModel=SM-G955F}]
Session ID: 4e4db4b0-77b8-4519-a4e3-8354b9bfc391
*** Element info: {Using=xpath, value=//*[@text='省：*']/following-sibling::*/*/*/*[3]}
	at org.testng.Assert.fail(Assert.java:94)
	at net.wangxinli.testng.NewTest.test001_storeInfo(NewTest.java:89)
	at sun.reflect.NativeMethodAccessorImpl.invoke0(Native Method)
	at sun.reflect.NativeMethodAccessorImpl.invoke(Unknown Source)
	at sun.reflect.DelegatingMethodAccessorImpl.invoke(Unknown Source)
	at java.lang.reflect.Method.invoke(Unknown Source)
	at org.testng.internal.MethodInvocationHelper.invokeMethod(MethodInvocationHelper.java:104)
	at org.testng.internal.Invoker.invokeMethod(Invoker.java:645)
	at org.testng.internal.Invoker.invokeTestMethod(Invoker.java:851)
	at org.testng.internal.Invoker.invokeTestMethods(Invoker.java:1177)
	at org.testng.internal.TestMethodWorker.invokeTestMethods(TestMethodWorker.java:129)
	at org.testng.internal.TestMethodWorker.run(TestMethodWorker.java:112)
	at org.testng.TestRunner.privateRun(TestRunner.java:756)
	at org.testng.TestRunner.run(TestRunner.java:610)
	at org.testng.SuiteRunner.runTest(SuiteRunner.java:387)
	at org.testng.SuiteRunner.runSequentially(SuiteRunner.java:382)
	at org.testng.SuiteRunner.privateRun(SuiteRunner.java:340)
	at org.testng.SuiteRunner.run(SuiteRunner.java:289)
	at org.testng.SuiteRunnerWorker.runSuite(SuiteRunnerWorker.java:52)
	at org.testng.SuiteRunnerWorker.run(SuiteRunnerWorker.java:86)
	at org.testng.TestNG.runSuitesSequentially(TestNG.java:1293)
	at org.testng.TestNG.runSuitesLocally(TestNG.java:1218)
	at org.testng.TestNG.runSuites(TestNG.java:1133)
	at org.testng.TestNG.run(TestNG.java:1104)
	at org.testng.remote.AbstractRemoteTestNG.run(AbstractRemoteTestNG.java:114)
	at org.testng.remote.RemoteTestNG.initAndRun(RemoteTestNG.java:251)
	at org.testng.remote.RemoteTestNG.main(RemoteTestNG.java:77)
]]>
            </full-stacktrace>
          </exception> <!-- java.lang.AssertionError -->
          <reporter-output>
          </reporter-output>
        </test-method> <!-- test001_storeInfo -->
        <test-method status="PASS" signature="backHome()[pri:0, instance:net.wangxinli.testng.NewTest@7921b0a2]" name="backHome" is-config="true" duration-ms="7234" started-at="2018-08-22T11:36:33Z" finished-at="2018-08-22T11:36:40Z">
          <reporter-output>
          </reporter-output>
        </test-method> <!-- backHome -->
        <test-method status="PASS" signature="login()[pri:0, instance:net.wangxinli.testng.NewTest@7921b0a2]" name="login" is-config="true" duration-ms="14717" started-at="2018-08-22T11:36:40Z" finished-at="2018-08-22T11:36:55Z">
          <reporter-output>
          </reporter-output>
        </test-method> <!-- login -->
        <test-method status="PASS" signature="test002_preparation()[pri:0, instance:net.wangxinli.testng.NewTest@7921b0a2]" name="test002_preparation" duration-ms="30736" started-at="2018-08-22T11:36:55Z" finished-at="2018-08-22T11:37:26Z">
          <reporter-output>
          </reporter-output>
        </test-method> <!-- test002_preparation -->
        <test-method status="PASS" signature="backHome()[pri:0, instance:net.wangxinli.testng.NewTest@7921b0a2]" name="backHome" is-config="true" duration-ms="7278" started-at="2018-08-22T11:37:26Z" finished-at="2018-08-22T11:37:33Z">
          <reporter-output>
          </reporter-output>
        </test-method> <!-- backHome -->
        <test-method status="PASS" signature="quit()[pri:0, instance:net.wangxinli.testng.NewTest@7921b0a2]" name="quit" is-config="true" duration-ms="2597" started-at="2018-08-22T11:37:33Z" finished-at="2018-08-22T11:37:36Z">
          <reporter-output>
          </reporter-output>
        </test-method> <!-- quit -->
      </class> <!-- net.wangxinli.testng.NewTest -->
    </test> <!-- Default test -->
  </suite> <!-- Default suite -->
</testng-results>
